<?xml version="1.0" encoding="UTF-8"?>
<!-- Generated by org.testng.reporters.JUnitReportReporter -->
<testsuite skipped="0" hostname="DESKTOP-55CP3G6" name="com.qa.rest.test.EmployeeDataCreate" tests="1" failures="0" timestamp="14 Feb 2019 12:45:43 GMT" time="2.915" errors="0">
  <testcase name="createEMPData" time="2.915" classname="com.qa.rest.test.EmployeeDataCreate"/>
</testsuite> <!-- com.qa.rest.test.EmployeeDataCreate -->
