<?xml version="1.0" encoding="UTF-8"?>
<!-- Generated by org.testng.reporters.JUnitReportReporter -->
<testsuite skipped="0" hostname="DESKTOP-55CP3G6" name="com.qa.rest.test.TC002_CREATE_New_Employee_Record" tests="2" failures="0" timestamp="16 Feb 2019 13:39:13 GMT" time="9.259" errors="0">
  <testcase name="createNewEmpRecordPositiveFlow" time="6.030" classname="com.qa.rest.test.TC002_CREATE_New_Employee_Record"/>
  <testcase name="createNewEmpRecordNegativeFlow" time="3.229" classname="com.qa.rest.test.TC002_CREATE_New_Employee_Record"/>
</testsuite> <!-- com.qa.rest.test.TC002_CREATE_New_Employee_Record -->
