<?xml version="1.0" encoding="UTF-8"?>
<!-- Generated by org.testng.reporters.JUnitReportReporter -->
<testsuite skipped="0" hostname="DESKTOP-55CP3G6" name="com.qa.rest.test.TC002_GET_EmployeeRecord_WithID" tests="1" failures="0" timestamp="16 Feb 2019 03:38:15 GMT" time="0.010" errors="0">
  <testcase name="getEmployeeData" time="0.010" classname="com.qa.rest.test.TC002_GET_EmployeeRecord_WithID"/>
</testsuite> <!-- com.qa.rest.test.TC002_GET_EmployeeRecord_WithID -->
