<?xml version="1.0" encoding="UTF-8"?>
<!-- Generated by org.testng.reporters.JUnitReportReporter -->
<testsuite skipped="0" hostname="DESKTOP-55CP3G6" name="com.qa.rest.test.TC005_DELETE_EmployeeData" tests="2" failures="0" timestamp="16 Feb 2019 13:39:13 GMT" time="6.087" errors="0">
  <testcase name="deleteDataPositiveFLow" time="3.154" classname="com.qa.rest.test.TC005_DELETE_EmployeeData"/>
  <testcase name="deleteData" time="2.933" classname="com.qa.rest.test.TC005_DELETE_EmployeeData"/>
</testsuite> <!-- com.qa.rest.test.TC005_DELETE_EmployeeData -->
