<?xml version="1.0" encoding="UTF-8"?>
<!-- Generated by org.testng.reporters.JUnitReportReporter -->
<testsuite skipped="0" hostname="DESKTOP-55CP3G6" name="com.qa.rest.test.TC004_UPDATE_EmployeeData" tests="2" failures="0" timestamp="16 Feb 2019 13:39:13 GMT" time="6.988" errors="0">
  <testcase name="updateEmployeeDataPositiveFlow" time="3.944" classname="com.qa.rest.test.TC004_UPDATE_EmployeeData"/>
  <testcase name="updateEmployeeDataNegativeFlow" time="3.044" classname="com.qa.rest.test.TC004_UPDATE_EmployeeData"/>
</testsuite> <!-- com.qa.rest.test.TC004_UPDATE_EmployeeData -->
