<?xml version="1.0" encoding="UTF-8"?>
<!-- Generated by org.testng.reporters.JUnitReportReporter -->
<testsuite skipped="0" hostname="DESKTOP-55CP3G6" name="com.qa.rest.test.CreateEmpData" tests="1" failures="0" timestamp="16 Feb 2019 02:06:10 GMT" time="8.330" errors="0">
  <testcase name="CreateData" time="8.330" classname="com.qa.rest.test.CreateEmpData"/>
</testsuite> <!-- com.qa.rest.test.CreateEmpData -->
