<?xml version="1.0" encoding="UTF-8"?>
<!-- Generated by org.testng.reporters.JUnitReportReporter -->
<testsuite skipped="0" hostname="DESKTOP-55CP3G6" name="com.qa.rest.test.TC003_GET_EmployeeRecord_WithID" tests="2" failures="0" timestamp="16 Feb 2019 13:39:13 GMT" time="7.867" errors="0">
  <testcase name="getEmployeeDataWithIDPositiveFlow" time="4.123" classname="com.qa.rest.test.TC003_GET_EmployeeRecord_WithID"/>
  <testcase name="getEmployeeDataWithIDNegativeFLow" time="3.744" classname="com.qa.rest.test.TC003_GET_EmployeeRecord_WithID"/>
</testsuite> <!-- com.qa.rest.test.TC003_GET_EmployeeRecord_WithID -->
