<?xml version="1.0" encoding="UTF-8"?>
<!-- Generated by org.testng.reporters.JUnitReportReporter -->
<testsuite skipped="0" hostname="DESKTOP-55CP3G6" name="com.qa.rest.api.EmployeeDataBDD" tests="1" failures="0" timestamp="14 Feb 2019 04:25:42 GMT" time="25.231" errors="0">
  <testcase name="DataRetreivalBDD" time="25.231" classname="com.qa.rest.api.EmployeeDataBDD"/>
</testsuite> <!-- com.qa.rest.api.EmployeeDataBDD -->
