<?xml version="1.0" encoding="UTF-8"?>
<!-- Generated by org.testng.reporters.JUnitReportReporter -->
<testsuite skipped="0" hostname="DESKTOP-55CP3G6" name="com.qa.rest.test.GetEmployeeRecordByIDTest" tests="2" failures="0" timestamp="16 Feb 2019 15:05:47 GMT" time="6.803" errors="0">
  <testcase name="getEmployeeDataWithIDPositiveFlow" time="3.256" classname="com.qa.rest.test.GetEmployeeRecordByIDTest"/>
  <testcase name="getEmployeeDataWithIDNegativeFLow" time="3.547" classname="com.qa.rest.test.GetEmployeeRecordByIDTest"/>
</testsuite> <!-- com.qa.rest.test.GetEmployeeRecordByIDTest -->
