<?xml version="1.0" encoding="UTF-8"?>
<!-- Generated by org.testng.reporters.JUnitReportReporter -->
<testsuite skipped="0" hostname="DESKTOP-55CP3G6" name="com.qa.rest.test.TC001_GET_AllEmployeeRecords" tests="2" failures="0" timestamp="16 Feb 2019 13:39:13 GMT" time="21.368" errors="0">
  <testcase name="getEmployeeDataPositiveFlow" time="20.528" classname="com.qa.rest.test.TC001_GET_AllEmployeeRecords"/>
  <testcase name="getEmployeeDataNegativeFlow" time="0.840" classname="com.qa.rest.test.TC001_GET_AllEmployeeRecords"/>
</testsuite> <!-- com.qa.rest.test.TC001_GET_AllEmployeeRecords -->
