<?xml version="1.0" encoding="UTF-8"?>
<!-- Generated by org.testng.reporters.JUnitReportReporter -->
<testsuite skipped="0" hostname="DESKTOP-55CP3G6" name="com.qa.rest.test.GetAllEmployeesTest" tests="2" failures="0" timestamp="16 Feb 2019 15:05:47 GMT" time="18.355" errors="0">
  <testcase name="getEmployeeDataPositiveFlow" time="17.549" classname="com.qa.rest.test.GetAllEmployeesTest"/>
  <testcase name="getEmployeeDataNegativeFlow" time="0.806" classname="com.qa.rest.test.GetAllEmployeesTest"/>
</testsuite> <!-- com.qa.rest.test.GetAllEmployeesTest -->
