<?xml version="1.0" encoding="UTF-8"?>
<!-- Generated by org.testng.reporters.JUnitReportReporter -->
<testsuite skipped="0" hostname="DESKTOP-55CP3G6" name="com.qa.rest.test.EmployeeDataCompleteSet" tests="1" failures="0" timestamp="15 Feb 2019 13:54:19 GMT" time="7.634" errors="0">
  <testcase name="getEmployeeData" time="7.634" classname="com.qa.rest.test.EmployeeDataCompleteSet"/>
</testsuite> <!-- com.qa.rest.test.EmployeeDataCompleteSet -->
