<?xml version="1.0" encoding="UTF-8"?>
<!-- Generated by org.testng.reporters.JUnitReportReporter -->
<testsuite skipped="0" hostname="DESKTOP-55CP3G6" name="com.qa.rest.test.TC003_CREATE_New_Employee_Record" tests="1" failures="0" timestamp="16 Feb 2019 03:38:15 GMT" time="4.392" errors="0">
  <testcase name="createNewEmpRecord" time="4.392" classname="com.qa.rest.test.TC003_CREATE_New_Employee_Record"/>
</testsuite> <!-- com.qa.rest.test.TC003_CREATE_New_Employee_Record -->
