<?xml version="1.0" encoding="UTF-8"?>
<!-- Generated by org.testng.reporters.JUnitReportReporter -->
<testsuite skipped="0" hostname="DESKTOP-55CP3G6" name="com.qa.rest.test.DeleteEmployeeTest" tests="2" failures="0" timestamp="16 Feb 2019 15:05:47 GMT" time="3.699" errors="0">
  <testcase name="deleteDataPositiveFLow" time="0.786" classname="com.qa.rest.test.DeleteEmployeeTest"/>
  <testcase name="deleteData" time="2.913" classname="com.qa.rest.test.DeleteEmployeeTest"/>
</testsuite> <!-- com.qa.rest.test.DeleteEmployeeTest -->
