<?xml version="1.0" encoding="UTF-8"?>
<!-- Generated by org.testng.reporters.JUnitReportReporter -->
<testsuite skipped="0" hostname="DESKTOP-55CP3G6" name="com.qa.rest.test.CreateNewEmployeeTest" tests="2" failures="0" timestamp="16 Feb 2019 15:05:47 GMT" time="8.203" errors="0">
  <testcase name="createNewEmpRecordPositiveFlow" time="5.203" classname="com.qa.rest.test.CreateNewEmployeeTest"/>
  <testcase name="createNewEmpRecordNegativeFlow" time="3.000" classname="com.qa.rest.test.CreateNewEmployeeTest"/>
</testsuite> <!-- com.qa.rest.test.CreateNewEmployeeTest -->
