<?xml version="1.0" encoding="UTF-8"?>
<!-- Generated by org.testng.reporters.JUnitReportReporter -->
<testsuite skipped="0" hostname="DESKTOP-55CP3G6" name="com.qa.rest.test.EmployeeIDData" tests="1" failures="0" timestamp="15 Feb 2019 13:54:19 GMT" time="0.019" errors="0">
  <testcase name="getEmployeeData" time="0.019" classname="com.qa.rest.test.EmployeeIDData"/>
</testsuite> <!-- com.qa.rest.test.EmployeeIDData -->
