<?xml version="1.0" encoding="UTF-8"?>
<!-- Generated by org.testng.reporters.JUnitReportReporter -->
<testsuite skipped="0" hostname="DESKTOP-55CP3G6" name="GetData.GetEmployeeData" tests="1" failures="0" timestamp="13 Feb 2019 06:10:22 GMT" time="12.160" errors="0">
  <testcase name="GetEmployeeDataResponse" time="12.160" classname="GetData.GetEmployeeData"/>
</testsuite> <!-- GetData.GetEmployeeData -->
