<?xml version="1.0" encoding="UTF-8"?>
<!-- Generated by org.testng.reporters.JUnitReportReporter -->
<testsuite skipped="0" hostname="DESKTOP-55CP3G6" name="com.qa.rest.test.UpdateEmployeeTest" tests="2" failures="0" timestamp="16 Feb 2019 15:05:47 GMT" time="6.153" errors="0">
  <testcase name="updateEmployeeDataPositiveFlow" time="3.280" classname="com.qa.rest.test.UpdateEmployeeTest"/>
  <testcase name="updateEmployeeDataNegativeFlow" time="2.873" classname="com.qa.rest.test.UpdateEmployeeTest"/>
</testsuite> <!-- com.qa.rest.test.UpdateEmployeeTest -->
